2025-04-17 17:10:24,692 [INFO] Starting PostgreSQL table deletion process
2025-04-17 17:10:36,296 [INFO] [Background] Updated proxy list with 506 proxies at 2025-04-17 17:10:36.295952
2025-04-17 17:10:38,796 [INFO] Disabling triggers
2025-04-17 17:10:39,397 [INFO] Working with schema: public
2025-04-17 17:10:39,597 [INFO] Found 13 tables: assignments, chat_keywords, chat_messages, chaturbate_streams, detection_logs, flagged_objects, logs, password_reset_tokens, password_resets, streams, stripchat_streams, telegram_recipients, users
2025-04-17 17:10:39,597 [INFO] Dropping all foreign key constraints...
2025-04-17 17:10:39,796 [INFO] Foreign key constraints dropped
2025-04-17 17:10:39,796 [INFO] Dropping table: assignments
2025-04-17 17:10:39,996 [INFO] Successfully dropped table: assignments
2025-04-17 17:10:39,996 [INFO] Dropping table: chat_keywords
2025-04-17 17:10:40,164 [INFO] Successfully dropped table: chat_keywords
2025-04-17 17:10:40,164 [INFO] Dropping table: chat_messages
2025-04-17 17:10:40,336 [INFO] Successfully dropped table: chat_messages
2025-04-17 17:10:40,336 [INFO] Dropping table: chaturbate_streams
2025-04-17 17:10:40,517 [INFO] Successfully dropped table: chaturbate_streams
2025-04-17 17:10:40,517 [INFO] Dropping table: detection_logs
2025-04-17 17:10:40,689 [INFO] Successfully dropped table: detection_logs
2025-04-17 17:10:40,690 [INFO] Dropping table: flagged_objects
2025-04-17 17:10:40,916 [INFO] Successfully dropped table: flagged_objects
2025-04-17 17:10:40,916 [INFO] Dropping table: logs
2025-04-17 17:10:41,093 [INFO] Successfully dropped table: logs
2025-04-17 17:10:41,094 [INFO] Dropping table: password_reset_tokens
2025-04-17 17:10:41,276 [INFO] Successfully dropped table: password_reset_tokens
2025-04-17 17:10:41,276 [INFO] Dropping table: password_resets
2025-04-17 17:10:41,476 [INFO] Successfully dropped table: password_resets
2025-04-17 17:10:41,477 [INFO] Dropping table: streams
2025-04-17 17:10:41,649 [INFO] Successfully dropped table: streams
2025-04-17 17:10:41,650 [INFO] Dropping table: stripchat_streams
2025-04-17 17:10:41,837 [INFO] Successfully dropped table: stripchat_streams
2025-04-17 17:10:41,837 [INFO] Dropping table: telegram_recipients
2025-04-17 17:10:42,004 [INFO] Successfully dropped table: telegram_recipients
2025-04-17 17:10:42,004 [INFO] Dropping table: users
2025-04-17 17:10:42,179 [INFO] Successfully dropped table: users
2025-04-17 17:10:42,179 [INFO] Resetting sequences...
2025-04-17 17:10:42,356 [INFO] Dropping any remaining views...
2025-04-17 17:10:43,357 [INFO] Success! All tables have been dropped from the database.
2025-04-17 17:10:43,556 [INFO] PostgreSQL table deletion process completed
2025-05-02 02:15:05,853 [INFO] Starting PostgreSQL table deletion process
2025-05-02 02:15:07,117 [INFO] SocketIO initialized with http scheme
2025-05-02 02:15:14,828 [INFO] [Background] Updated proxy list with 548 proxies at 2025-05-02 02:15:14.828854
2025-05-02 02:15:19,649 [INFO] Disabling triggers
2025-05-02 02:15:20,263 [INFO] Working with schema: public
2025-05-02 02:15:20,672 [INFO] Found 14 tables: assignments, chat_keywords, chat_messages, chaturbate_streams, detection_logs, flagged_objects, logs, message_attachments, password_reset_tokens, password_resets, streams, stripchat_streams, telegram_recipients, users
2025-05-02 02:15:20,673 [INFO] Dropping all foreign key constraints...
2025-05-02 02:17:20,877 [ERROR] Unexpected error dropping tables: (psycopg2.errors.QueryCanceled) canceling statement due to statement timeout
CONTEXT:  SQL statement "ALTER TABLE assignments DROP CONSTRAINT assignments_agent_id_fkey"
PL/pgSQL function inline_code_block line 8 at EXECUTE

[SQL: 
                DO $$
                DECLARE
                    r RECORD;
                BEGIN
                    FOR r IN (SELECT conname, conrelid::regclass AS table_name FROM pg_constraint
                             WHERE contype = 'f' AND connamespace = 'public'::regnamespace)
                    LOOP
                        EXECUTE 'ALTER TABLE ' || r.table_name || ' DROP CONSTRAINT ' || r.conname;
                    END LOOP;
                END $$;
            ]
(Background on this error at: https://sqlalche.me/e/20/e3q8)
2025-05-02 02:17:21,082 [INFO] PostgreSQL table deletion process completed
2025-05-02 02:18:50,622 [INFO] Starting PostgreSQL table deletion process
2025-05-02 02:18:50,852 [INFO] SocketIO initialized with http scheme
2025-05-02 02:18:53,100 [INFO] [Background] Updated proxy list with 548 proxies at 2025-05-02 02:18:53.100015
2025-05-02 02:18:56,430 [INFO] Disabling triggers
2025-05-02 02:18:57,034 [INFO] Working with schema: public
2025-05-02 02:18:57,251 [INFO] Found 14 tables: assignments, chat_keywords, chat_messages, chaturbate_streams, detection_logs, flagged_objects, logs, message_attachments, password_reset_tokens, password_resets, streams, stripchat_streams, telegram_recipients, users
2025-05-02 02:18:57,252 [INFO] Dropping all foreign key constraints...
2025-05-02 02:20:57,674 [ERROR] Unexpected error dropping tables: (psycopg2.errors.QueryCanceled) canceling statement due to statement timeout
CONTEXT:  SQL statement "ALTER TABLE assignments DROP CONSTRAINT assignments_agent_id_fkey"
PL/pgSQL function inline_code_block line 8 at EXECUTE

[SQL: 
                DO $$
                DECLARE
                    r RECORD;
                BEGIN
                    FOR r IN (SELECT conname, conrelid::regclass AS table_name FROM pg_constraint
                             WHERE contype = 'f' AND connamespace = 'public'::regnamespace)
                    LOOP
                        EXECUTE 'ALTER TABLE ' || r.table_name || ' DROP CONSTRAINT ' || r.conname;
                    END LOOP;
                END $$;
            ]
(Background on this error at: https://sqlalche.me/e/20/e3q8)
2025-05-02 02:20:57,877 [INFO] PostgreSQL table deletion process completed
2025-05-02 02:25:47,327 [INFO] Starting PostgreSQL table deletion process
2025-05-02 02:25:47,449 [INFO] SocketIO initialized with http scheme
2025-05-02 02:25:48,888 [INFO] [Background] Updated proxy list with 573 proxies at 2025-05-02 02:25:48.888692
2025-05-02 02:25:52,470 [INFO] Disabling triggers
2025-05-02 02:25:53,301 [INFO] Working with schema: public
2025-05-02 02:25:53,506 [INFO] Found 14 tables: assignments, chat_keywords, chat_messages, chaturbate_streams, detection_logs, flagged_objects, logs, message_attachments, password_reset_tokens, password_resets, streams, stripchat_streams, telegram_recipients, users
2025-05-02 02:25:53,507 [INFO] Dropping all foreign key constraints...
2025-05-02 02:27:53,724 [ERROR] Unexpected error dropping tables: (psycopg2.errors.QueryCanceled) canceling statement due to statement timeout
CONTEXT:  SQL statement "ALTER TABLE assignments DROP CONSTRAINT assignments_agent_id_fkey"
PL/pgSQL function inline_code_block line 8 at EXECUTE

[SQL: 
                DO $$
                DECLARE
                    r RECORD;
                BEGIN
                    FOR r IN (SELECT conname, conrelid::regclass AS table_name FROM pg_constraint
                             WHERE contype = 'f' AND connamespace = 'public'::regnamespace)
                    LOOP
                        EXECUTE 'ALTER TABLE ' || r.table_name || ' DROP CONSTRAINT ' || r.conname;
                    END LOOP;
                END $$;
            ]
(Background on this error at: https://sqlalche.me/e/20/e3q8)
2025-05-02 02:27:53,929 [INFO] PostgreSQL table deletion process completed
